This is pdfTeX, Version 3.14159265-2.6-1.40.20 (TeX Live 2019/Debian) (preloaded format=pdflatex 2025.1.31)  31 JAN 2025 21:45
entering extended mode
 restricted \write18 enabled.
 %&-line parsing enabled.
**main.tex
(./main.tex
LaTeX2e <2020-02-02> patch level 2
L3 programming layer <2020-02-14> (./ieeetj.cls

LaTeX Warning: You have requested document class `ieeetj',
               but the document class provides `IEEEphot'.

Document Class: IEEEphot 2009/06/23 V1.2
-- See the "IEEEphot_HOWTO" manual for usage information.
\@IEEEtrantmpdimenA=\dimen134
\@IEEEtrantmpdimenB=\dimen135
\@IEEEtrantmpcountA=\count167
\@IEEEtrantmpcountB=\count168
\@IEEEtrantmptoksA=\toks14
LaTeX Font Info:    Trying to load font information for OT1+ptm on input line 3
81.
(/usr/share/texlive/texmf-dist/tex/latex/psnfss/ot1ptm.fd
File: ot1ptm.fd 2001/06/04 font definitions for OT1/ptm.
)
-- Using 8.25in x 10.75in (IEEE Photonics PaperSize) paper.
-- Using PDF output.
\@IEEEnormalsizeunitybaselineskip=\dimen136
-- This is a 12 point document.
\CLASSINFOnormalsizebaselineskip=\dimen137
\CLASSINFOnormalsizeunitybaselineskip=\dimen138
\IEEEnormaljot=\dimen139
LaTeX Font Info:    Font shape `OT1/ptm/bx/n' in size <6> not available
(Font)              Font shape `OT1/ptm/b/n' tried instead on input line 739.
LaTeX Font Info:    Font shape `OT1/ptm/bx/it' in size <6> not available
(Font)              Font shape `OT1/ptm/b/it' tried instead on input line 739.
LaTeX Font Info:    Font shape `OT1/ptm/bx/n' in size <8> not available
(Font)              Font shape `OT1/ptm/b/n' tried instead on input line 739.
LaTeX Font Info:    Font shape `OT1/ptm/bx/it' in size <8> not available
(Font)              Font shape `OT1/ptm/b/it' tried instead on input line 739.
LaTeX Font Info:    Font shape `OT1/ptm/bx/n' in size <9> not available
(Font)              Font shape `OT1/ptm/b/n' tried instead on input line 739.
LaTeX Font Info:    Font shape `OT1/ptm/bx/it' in size <9> not available
(Font)              Font shape `OT1/ptm/b/it' tried instead on input line 739.
LaTeX Font Info:    Font shape `OT1/ptm/bx/n' in size <10> not available
(Font)              Font shape `OT1/ptm/b/n' tried instead on input line 739.
LaTeX Font Info:    Font shape `OT1/ptm/bx/it' in size <10> not available
(Font)              Font shape `OT1/ptm/b/it' tried instead on input line 739.
LaTeX Font Info:    Font shape `OT1/ptm/bx/n' in size <12> not available
(Font)              Font shape `OT1/ptm/b/n' tried instead on input line 739.
LaTeX Font Info:    Font shape `OT1/ptm/bx/it' in size <12> not available
(Font)              Font shape `OT1/ptm/b/it' tried instead on input line 739.
LaTeX Font Info:    Font shape `OT1/ptm/bx/n' in size <14> not available
(Font)              Font shape `OT1/ptm/b/n' tried instead on input line 739.
LaTeX Font Info:    Font shape `OT1/ptm/bx/it' in size <14> not available
(Font)              Font shape `OT1/ptm/b/it' tried instead on input line 739.
LaTeX Font Info:    Font shape `OT1/ptm/bx/n' in size <20> not available
(Font)              Font shape `OT1/ptm/b/n' tried instead on input line 739.
LaTeX Font Info:    Font shape `OT1/ptm/bx/it' in size <20> not available
(Font)              Font shape `OT1/ptm/b/it' tried instead on input line 739.
LaTeX Font Info:    Font shape `OT1/ptm/bx/n' in size <22> not available
(Font)              Font shape `OT1/ptm/b/n' tried instead on input line 739.
LaTeX Font Info:    Font shape `OT1/ptm/bx/it' in size <22> not available
(Font)              Font shape `OT1/ptm/b/it' tried instead on input line 739.
LaTeX Font Info:    Font shape `OT1/ptm/bx/n' in size <24> not available
(Font)              Font shape `OT1/ptm/b/n' tried instead on input line 739.
LaTeX Font Info:    Font shape `OT1/ptm/bx/it' in size <24> not available
(Font)              Font shape `OT1/ptm/b/it' tried instead on input line 739.
\IEEEilabelindentA=\dimen140
\IEEEilabelindentB=\dimen141
\IEEEilabelindent=\dimen142
\IEEEelabelindent=\dimen143
\IEEEdlabelindent=\dimen144
\IEEElabelindent=\dimen145
\IEEEiednormlabelsep=\dimen146
\IEEEiedmathlabelsep=\dimen147
\IEEEiedtopsep=\skip47
\c@section=\count169
\c@subsection=\count170
\c@subsubsection=\count171
\c@paragraph=\count172
\c@IEEEsubequation=\count173
\abovecaptionskip=\skip48
\belowcaptionskip=\skip49
\c@figure=\count174
\marginfigbox=\box45
\c@table=\count175
\margintabbox=\box46
\@IEEEeqnnumcols=\count176
\@IEEEeqncolcnt=\count177
(/usr/share/texlive/texmf-dist/tex/latex/graphics/color.sty
Package: color 2019/11/23 v1.2a Standard LaTeX Color (DPC)

(/usr/share/texlive/texmf-dist/tex/latex/graphics-cfg/color.cfg
File: color.cfg 2016/01/02 v1.6 sample color configuration
)
Package color Info: Driver file: pdftex.def on input line 147.

(/usr/share/texlive/texmf-dist/tex/latex/graphics-def/pdftex.def
File: pdftex.def 2018/01/08 v1.0l Graphics/color driver for pdftex
))
(/usr/share/texlive/texmf-dist/tex/generic/iftex/ifpdf.sty
Package: ifpdf 2019/10/25 v3.4 ifpdf legacy package. Use iftex instead.

(/usr/share/texlive/texmf-dist/tex/generic/iftex/iftex.sty
Package: iftex 2019/11/07 v1.0c TeX engine tests
))
(/usr/share/texlive/texmf-dist/tex/latex/base/ifthen.sty
Package: ifthen 2014/09/29 v1.1c Standard LaTeX ifthen package (DPC)
)
Package color Info: Redefining color white on input line 3368.
\tempbox=\box47
\abstractbox=\box48
\keybox=\box49
\@IEEEtmpitemindent=\dimen148
\c@IEEEbiography=\count178
\@IEEEtranrubishbin=\box50
\footheight=\dimen149
\typeheight=\dimen150
\typewidth=\dimen151
\authorcount=\count179
\chkaucount=\count180
\tempcount=\count181
\affcount=\count182

(/usr/share/texlive/texmf-dist/tex/latex/wrapfig/wrapfig.sty
\wrapoverhang=\dimen152
\WF@size=\dimen153
\c@WF@wrappedlines=\count183
\WF@box=\box51
\WF@everypar=\toks15
Package: wrapfig 2003/01/31  v 3.6
)
(/usr/share/texlive/texmf-dist/tex/latex/tools/array.sty
Package: array 2019/08/31 v2.4l Tabular extension package (FMi)
\col@sep=\dimen154
\ar@mcellbox=\box52
\extrarowheight=\dimen155
\NC@list=\toks16
\extratabsurround=\skip50
\backup@length=\skip51
\ar@cellbox=\box53
)
\quotebox=\box54
\quoteskp=\skip52
\sdquoteskp=\skip53
\quotecnt=\count184
)
(/usr/share/texlive/texmf-dist/tex/latex/graphics/graphicx.sty
Package: graphicx 2019/11/30 v1.2a Enhanced LaTeX Graphics (DPC,SPQR)

(/usr/share/texlive/texmf-dist/tex/latex/graphics/keyval.sty
Package: keyval 2014/10/28 v1.15 key=value parser (DPC)
\KV@toks@=\toks17
)
(/usr/share/texlive/texmf-dist/tex/latex/graphics/graphics.sty
Package: graphics 2019/11/30 v1.4a Standard LaTeX Graphics (DPC,SPQR)

(/usr/share/texlive/texmf-dist/tex/latex/graphics/trig.sty
Package: trig 2016/01/03 v1.10 sin cos tan (DPC)
)
(/usr/share/texlive/texmf-dist/tex/latex/graphics-cfg/graphics.cfg
File: graphics.cfg 2016/06/04 v1.11 sample graphics configuration
)
Package graphics Info: Driver file: pdftex.def on input line 105.
)
\Gin@req@height=\dimen156
\Gin@req@width=\dimen157
)
(/usr/share/texlive/texmf-dist/tex/latex/amsmath/amsmath.sty
Package: amsmath 2020/01/20 v2.17e AMS math features
\@mathmargin=\skip54

For additional information on amsmath, use the `?' option.
(/usr/share/texlive/texmf-dist/tex/latex/amsmath/amstext.sty
Package: amstext 2000/06/29 v2.01 AMS text

(/usr/share/texlive/texmf-dist/tex/latex/amsmath/amsgen.sty
File: amsgen.sty 1999/11/30 v2.0 generic functions
\@emptytoks=\toks18
\ex@=\dimen158
))
(/usr/share/texlive/texmf-dist/tex/latex/amsmath/amsbsy.sty
Package: amsbsy 1999/11/29 v1.2d Bold Symbols
\pmbraise@=\dimen159
)
(/usr/share/texlive/texmf-dist/tex/latex/amsmath/amsopn.sty
Package: amsopn 2016/03/08 v2.02 operator names
)
\inf@bad=\count185
LaTeX Info: Redefining \frac on input line 227.
\uproot@=\count186
\leftroot@=\count187
LaTeX Info: Redefining \overline on input line 389.
\classnum@=\count188
\DOTSCASE@=\count189
LaTeX Info: Redefining \ldots on input line 486.
LaTeX Info: Redefining \dots on input line 489.
LaTeX Info: Redefining \cdots on input line 610.
\Mathstrutbox@=\box55
\strutbox@=\box56
\big@size=\dimen160
LaTeX Font Info:    Redeclaring font encoding OML on input line 733.
LaTeX Font Info:    Redeclaring font encoding OMS on input line 734.
\macc@depth=\count190
\c@MaxMatrixCols=\count191
\dotsspace@=\muskip16
\c@parentequation=\count192
\dspbrk@lvl=\count193
\tag@help=\toks19
\row@=\count194
\column@=\count195
\maxfields@=\count196
\andhelp@=\toks20
\eqnshift@=\dimen161
\alignsep@=\dimen162
\tagshift@=\dimen163
\tagwidth@=\dimen164
\totwidth@=\dimen165
\lineht@=\dimen166
\@envbody=\toks21
\multlinegap=\skip55
\multlinetaggap=\skip56
\mathdisplay@stack=\toks22
LaTeX Info: Redefining \[ on input line 2859.
LaTeX Info: Redefining \] on input line 2860.
)
(/usr/share/texlive/texmf-dist/tex/latex/hyperref/hyperref.sty
Package: hyperref 2020/01/14 v7.00d Hypertext links for LaTeX

(/usr/share/texlive/texmf-dist/tex/generic/ltxcmds/ltxcmds.sty
Package: ltxcmds 2019/12/15 v1.24 LaTeX kernel commands for general use (HO)
)
(/usr/share/texlive/texmf-dist/tex/latex/pdftexcmds/pdftexcmds.sty
Package: pdftexcmds 2019/11/24 v0.31 Utility functions of pdfTeX for LuaTeX (HO
)

(/usr/share/texlive/texmf-dist/tex/generic/infwarerr/infwarerr.sty
Package: infwarerr 2019/12/03 v1.5 Providing info/warning/error messages (HO)
)
Package pdftexcmds Info: \pdf@primitive is available.
Package pdftexcmds Info: \pdf@ifprimitive is available.
Package pdftexcmds Info: \pdfdraftmode found.
)
(/usr/share/texlive/texmf-dist/tex/generic/kvsetkeys/kvsetkeys.sty
Package: kvsetkeys 2019/12/15 v1.18 Key value parser (HO)
)
(/usr/share/texlive/texmf-dist/tex/generic/kvdefinekeys/kvdefinekeys.sty
Package: kvdefinekeys 2019-12-19 v1.6 Define keys (HO)
)
(/usr/share/texlive/texmf-dist/tex/generic/pdfescape/pdfescape.sty
Package: pdfescape 2019/12/09 v1.15 Implements pdfTeX's escape features (HO)
)
(/usr/share/texlive/texmf-dist/tex/latex/hycolor/hycolor.sty
Package: hycolor 2020-01-27 v1.10 Color options for hyperref/bookmark (HO)
)
(/usr/share/texlive/texmf-dist/tex/latex/letltxmacro/letltxmacro.sty
Package: letltxmacro 2019/12/03 v1.6 Let assignment for LaTeX macros (HO)
)
(/usr/share/texlive/texmf-dist/tex/latex/auxhook/auxhook.sty
Package: auxhook 2019-12-17 v1.6 Hooks for auxiliary files (HO)
)
(/usr/share/texlive/texmf-dist/tex/latex/kvoptions/kvoptions.sty
Package: kvoptions 2019/11/29 v3.13 Key value format for package options (HO)
)
\@linkdim=\dimen167
\Hy@linkcounter=\count197
\Hy@pagecounter=\count198

(/usr/share/texlive/texmf-dist/tex/latex/hyperref/pd1enc.def
File: pd1enc.def 2020/01/14 v7.00d Hyperref: PDFDocEncoding definition (HO)
Now handling font encoding PD1 ...
... no UTF-8 mapping file for font encoding PD1
)
(/usr/share/texlive/texmf-dist/tex/generic/intcalc/intcalc.sty
Package: intcalc 2019/12/15 v1.3 Expandable calculations with integers (HO)
)
(/usr/share/texlive/texmf-dist/tex/generic/etexcmds/etexcmds.sty
Package: etexcmds 2019/12/15 v1.7 Avoid name clashes with e-TeX commands (HO)
)
\Hy@SavedSpaceFactor=\count199
\pdfmajorversion=\count266
Package hyperref Info: Hyper figures OFF on input line 4547.
Package hyperref Info: Link nesting OFF on input line 4552.
Package hyperref Info: Hyper index ON on input line 4555.
Package hyperref Info: Plain pages OFF on input line 4562.
Package hyperref Info: Backreferencing OFF on input line 4567.
Package hyperref Info: Implicit mode ON; LaTeX internals redefined.
Package hyperref Info: Bookmarks ON on input line 4800.
\c@Hy@tempcnt=\count267

(/usr/share/texlive/texmf-dist/tex/latex/url/url.sty
\Urlmuskip=\muskip17
Package: url 2013/09/16  ver 3.4  Verb mode for urls, etc.
)
LaTeX Info: Redefining \url on input line 5159.
\XeTeXLinkMargin=\dimen168

(/usr/share/texlive/texmf-dist/tex/generic/bitset/bitset.sty
Package: bitset 2019/12/09 v1.3 Handle bit-vector datatype (HO)

(/usr/share/texlive/texmf-dist/tex/generic/bigintcalc/bigintcalc.sty
Package: bigintcalc 2019/12/15 v1.5 Expandable calculations on big integers (HO
)
))
\Fld@menulength=\count268
\Field@Width=\dimen169
\Fld@charsize=\dimen170
Package hyperref Info: Hyper figures OFF on input line 6430.
Package hyperref Info: Link nesting OFF on input line 6435.
Package hyperref Info: Hyper index ON on input line 6438.
Package hyperref Info: backreferencing OFF on input line 6445.
Package hyperref Info: Link coloring OFF on input line 6450.
Package hyperref Info: Link coloring with OCG OFF on input line 6455.
Package hyperref Info: PDF/A mode OFF on input line 6460.
LaTeX Info: Redefining \ref on input line 6500.
LaTeX Info: Redefining \pageref on input line 6504.

(/usr/share/texlive/texmf-dist/tex/generic/atbegshi/atbegshi.sty
Package: atbegshi 2019/12/05 v1.19 At begin shipout hook (HO)
)
\Hy@abspage=\count269
\c@Item=\count270
\c@Hfootnote=\count271
)
Package hyperref Info: Driver (autodetected): hpdftex.

(/usr/share/texlive/texmf-dist/tex/latex/hyperref/hpdftex.def
File: hpdftex.def 2020/01/14 v7.00d Hyperref driver for pdfTeX

(/usr/share/texlive/texmf-dist/tex/latex/atveryend/atveryend.sty
Package: atveryend 2019-12-11 v1.11 Hooks at the very end of document (HO)
Package atveryend Info: \enddocument detected (standard20110627).
)
\Fld@listcount=\count272
\c@bookmark@seq@number=\count273

(/usr/share/texlive/texmf-dist/tex/latex/rerunfilecheck/rerunfilecheck.sty
Package: rerunfilecheck 2019/12/05 v1.9 Rerun checks for auxiliary files (HO)

(/usr/share/texlive/texmf-dist/tex/generic/uniquecounter/uniquecounter.sty
Package: uniquecounter 2019/12/15 v1.4 Provide unlimited unique counter (HO)
)
Package uniquecounter Info: New unique counter `rerunfilecheck' on input line 2
86.
)
\Hy@SectionHShift=\skip57
)
(/usr/share/texlive/texmf-dist/tex/latex/setspace/setspace.sty
Package: setspace 2011/12/19 v6.7a set line spacing
)
(/usr/share/texlive/texmf-dist/tex/latex/listings/listings.sty
\lst@mode=\count274
\lst@gtempboxa=\box57
\lst@token=\toks23
\lst@length=\count275
\lst@currlwidth=\dimen171
\lst@column=\count276
\lst@pos=\count277
\lst@lostspace=\dimen172
\lst@width=\dimen173
\lst@newlines=\count278
\lst@lineno=\count279
\lst@maxwidth=\dimen174

(/usr/share/texlive/texmf-dist/tex/latex/listings/lstmisc.sty
File: lstmisc.sty 2019/09/10 1.8c (Carsten Heinz)
\c@lstnumber=\count280
\lst@skipnumbers=\count281
\lst@framebox=\box58
)
(/usr/share/texlive/texmf-dist/tex/latex/listings/listings.cfg
File: listings.cfg 2019/09/10 1.8c listings configuration
))
Package: listings 2019/09/10 1.8c (Carsten Heinz)

(/usr/share/texlive/texmf-dist/tex/latex/xcolor/xcolor.sty
Package: xcolor 2016/05/11 v2.12 LaTeX color extensions (UK)

(/usr/share/texlive/texmf-dist/tex/latex/graphics-cfg/color.cfg
File: color.cfg 2016/01/02 v1.6 sample color configuration
)
Package xcolor Info: Driver file: pdftex.def on input line 225.
LaTeX Info: Redefining \color on input line 709.
Package xcolor Info: Model `cmy' substituted by `cmy0' on input line 1348.
Package xcolor Info: Model `hsb' substituted by `rgb' on input line 1352.
Package xcolor Info: Model `RGB' extended on input line 1364.
Package xcolor Info: Model `HTML' substituted by `rgb' on input line 1366.
Package xcolor Info: Model `Hsb' substituted by `hsb' on input line 1367.
Package xcolor Info: Model `tHsb' substituted by `hsb' on input line 1368.
Package xcolor Info: Model `HSB' substituted by `hsb' on input line 1369.
Package xcolor Info: Model `Gray' substituted by `gray' on input line 1370.
Package xcolor Info: Model `wave' substituted by `hsb' on input line 1371.
)
(/usr/share/texlive/texmf-dist/tex/latex/abstract/abstract.sty
Package: abstract 2009/06/08 v1.2a configurable abstracts
\abstitleskip=\skip58
\absleftindent=\skip59
\absrightindent=\skip60
\absparindent=\skip61
\absparsep=\skip62
)
(/usr/share/texlive/texmf-dist/tex/latex/float/float.sty
Package: float 2001/11/08 v1.3d Float enhancements (AL)
\c@float@type=\count282
\float@exts=\toks24
\float@box=\box59
\@float@everytoks=\toks25
\@floatcapt=\box60
)
(/usr/share/texlive/texmf-dist/tex/latex/l3backend/l3backend-pdfmode.def
File: l3backend-pdfmode.def 2020-02-03 L3 backend support: PDF mode
\l__kernel_color_stack_int=\count283
\l__pdf_internal_box=\box61
)
(./main.aux

LaTeX Warning: Label `fig15:' multiply defined.


LaTeX Warning: Label `code:QKD' multiply defined.


LaTeX Warning: Label `code:QKD' multiply defined.

)
\openout1 = `main.aux'.

LaTeX Font Info:    Checking defaults for OML/cmm/m/it on input line 28.
LaTeX Font Info:    ... okay on input line 28.
LaTeX Font Info:    Checking defaults for OMS/cmsy/m/n on input line 28.
LaTeX Font Info:    ... okay on input line 28.
LaTeX Font Info:    Checking defaults for OT1/cmr/m/n on input line 28.
LaTeX Font Info:    ... okay on input line 28.
LaTeX Font Info:    Checking defaults for T1/cmr/m/n on input line 28.
LaTeX Font Info:    ... okay on input line 28.
LaTeX Font Info:    Checking defaults for TS1/cmr/m/n on input line 28.
LaTeX Font Info:    ... okay on input line 28.
LaTeX Font Info:    Checking defaults for OMX/cmex/m/n on input line 28.
LaTeX Font Info:    ... okay on input line 28.
LaTeX Font Info:    Checking defaults for U/cmr/m/n on input line 28.
LaTeX Font Info:    ... okay on input line 28.
LaTeX Font Info:    Checking defaults for PD1/pdf/m/n on input line 28.
LaTeX Font Info:    ... okay on input line 28.
 (/usr/share/texlive/texmf-dist/tex/context/base/mkii/supp-pdf.mkii
[Loading MPS to PDF converter (version 2006.09.02).]
\scratchcounter=\count284
\scratchdimen=\dimen175
\scratchbox=\box62
\nofMPsegments=\count285
\nofMParguments=\count286
\everyMPshowfont=\toks26
\MPscratchCnt=\count287
\MPscratchDim=\dimen176
\MPnumerator=\count288
\makeMPintoPDFobject=\count289
\everyMPtoPDFconversion=\toks27
) (/usr/share/texlive/texmf-dist/tex/latex/epstopdf-pkg/epstopdf-base.sty
Package: epstopdf-base 2020-01-24 v2.11 Base part for package epstopdf
Package epstopdf-base Info: Redefining graphics rule for `.eps' on input line 4
85.

(/usr/share/texlive/texmf-dist/tex/latex/latexconfig/epstopdf-sys.cfg
File: epstopdf-sys.cfg 2010/07/13 v1.3 Configuration of (r)epstopdf for TeX Liv
e
))
\AtBeginShipoutBox=\box63
Package hyperref Info: Link coloring OFF on input line 28.

(/usr/share/texlive/texmf-dist/tex/latex/hyperref/nameref.sty
Package: nameref 2019/09/16 v2.46 Cross-referencing by name of section

(/usr/share/texlive/texmf-dist/tex/latex/refcount/refcount.sty
Package: refcount 2019/12/15 v3.6 Data extraction from label references (HO)
)
(/usr/share/texlive/texmf-dist/tex/generic/gettitlestring/gettitlestring.sty
Package: gettitlestring 2019/12/15 v1.6 Cleanup title references (HO)
)
\c@section@level=\count290
)
LaTeX Info: Redefining \ref on input line 28.
LaTeX Info: Redefining \pageref on input line 28.
LaTeX Info: Redefining \nameref on input line 28.

(./main.out) (./main.out)
\@outlinefile=\write3
\openout3 = `main.out'.

\c@lstlisting=\count291
<ELMEPA.png, id=83, 526.8483pt x 526.8483pt>
File: ELMEPA.png Graphic file (type png)
<use ELMEPA.png>
Package pdftex.def Info: ELMEPA.png  used on input line 35.
(pdftex.def)             Requested size: 170.71652pt x 170.71721pt.
 [0


{/var/lib/texmf/fonts/map/pdftex/updmap/pdftex.map} <./ELMEPA.png>]
LaTeX Font Info:    Trying to load font information for OT1+phv on input line 7
4.
 (/usr/share/texlive/texmf-dist/tex/latex/psnfss/ot1phv.fd
File: ot1phv.fd 2001/06/04 scalable font definitions for OT1/phv.
)
Underfull \vbox (badness 10000) has occurred while \output is active []


Overfull \vbox (8.45pt too high) has occurred while \output is active []

 [1]
LaTeX Font Info:    Font shape `OT1/phv/b/it' in size <9> not available
(Font)              Font shape `OT1/phv/b/sl' tried instead on input line 136.

Overfull \vbox (7.7pt too high) has occurred while \output is active []


Overfull \vbox (11.2pt too high) has occurred while \output is active []

 [2]
Underfull \vbox (badness 10000) has occurred while \output is active []


Overfull \vbox (8.45pt too high) has occurred while \output is active []

 [3]
Underfull \vbox (badness 10000) has occurred while \output is active []


Overfull \vbox (7.7pt too high) has occurred while \output is active []


Overfull \vbox (11.2pt too high) has occurred while \output is active []

 [4]
Overfull \hbox (10.88539pt too wide) in paragraph at lines 370--370
[]|\OT1/ptm/m/n/12 EPR\OT1/ptm/m/it/12 Einstein,Podolsky,Rosen
 []


LaTeX Warning: `!h' float specifier changed to `!ht'.


Underfull \vbox (badness 10000) has occurred while \output is active []


Overfull \vbox (8.45pt too high) has occurred while \output is active []

 [5]
Overfull \vbox (7.7pt too high) has occurred while \output is active []


Overfull \vbox (11.2pt too high) has occurred while \output is active []

 [6pdfTeX warning (ext4): destination with the same identifier (name{table.1}) 
has been already used, duplicate ignored

\AtBegShi@Output ...ipout \box \AtBeginShipoutBox 
                                                  \fi \fi 
l.434 		I
         n\cite{li-arch}, Li and co-authors proposed a new way of how interc...
]
Underfull \vbox (badness 10000) has occurred while \output is active []


Underfull \vbox (badness 10000) has occurred while \output is active []


Overfull \vbox (8.45pt too high) has occurred while \output is active []

 [7]
<bb84/success_rate_terminal.png, id=186, 912.40875pt x 244.915pt>
File: bb84/success_rate_terminal.png Graphic file (type png)
<use bb84/success_rate_terminal.png>
Package pdftex.def Info: bb84/success_rate_terminal.png  used on input line 553
.
(pdftex.def)             Requested size: 352.79846pt x 94.69803pt.

Overfull \vbox (7.7pt too high) has occurred while \output is active []


Overfull \vbox (11.2pt too high) has occurred while \output is active []

 [8]
<bb84/basis_matching.png, id=197, 578.16pt x 433.62pt>
File: bb84/basis_matching.png Graphic file (type png)
<use bb84/basis_matching.png>
Package pdftex.def Info: bb84/basis_matching.png  used on input line 560.
(pdftex.def)             Requested size: 302.40308pt x 226.80038pt.
<bb84/success_rate_vs_num_qubits.png, id=198, 578.16pt x 433.62pt>
File: bb84/success_rate_vs_num_qubits.png Graphic file (type png)
<use bb84/success_rate_vs_num_qubits.png>
Package pdftex.def Info: bb84/success_rate_vs_num_qubits.png  used on input lin
e 568.
(pdftex.def)             Requested size: 302.40308pt x 226.80038pt.

Underfull \vbox (badness 10000) has occurred while \output is active []


Overfull \vbox (8.45pt too high) has occurred while \output is active []

 [9pdfTeX warning (ext4): destination with the same identifier (name{figure.1})
 has been already used, duplicate ignored

\AtBegShi@Output ...ipout \box \AtBeginShipoutBox 
                                                  \fi \fi 
l.579 		\subsection
                   {QKD application using AES for classic communication}pdfTeX 
warning (ext4): destination with the same identifier (name{figure.2}) has been 
already used, duplicate ignored

\AtBegShi@Output ...ipout \box \AtBeginShipoutBox 
                                                  \fi \fi 
l.579 		\subsection
                   {QKD application using AES for classic communication}pdfTeX 
warning (ext4): destination with the same identifier (name{figure.3}) has been 
already used, duplicate ignored

\AtBegShi@Output ...ipout \box \AtBeginShipoutBox 
                                                  \fi \fi 
l.579 		\subsection
                   {QKD application using AES for classic communication} <./bb8
4/success_rate_terminal.png> <./bb84/basis_matching.png> <./bb84/success_rate_v
s_num_qubits.png>]
<qkd_aes/app.png, id=209, 734.745pt x 244.915pt>
File: qkd_aes/app.png Graphic file (type png)
<use qkd_aes/app.png>
Package pdftex.def Info: qkd_aes/app.png  used on input line 594.
(pdftex.def)             Requested size: 352.79846pt x 117.60269pt.
<repeater/entanglement_swap.png, id=212, 963.6pt x 722.7pt>
File: repeater/entanglement_swap.png Graphic file (type png)
<use repeater/entanglement_swap.png>
Package pdftex.def Info: repeater/entanglement_swap.png  used on input line 625
.
(pdftex.def)             Requested size: 302.40308pt x 226.80258pt.

Underfull \vbox (badness 10000) has occurred while \output is active []


Overfull \vbox (7.7pt too high) has occurred while \output is active []


Overfull \vbox (11.2pt too high) has occurred while \output is active []

 [10pdfTeX warning (ext4): destination with the same identifier (name{figure.4}
) has been already used, duplicate ignored

\AtBegShi@Output ...ipout \box \AtBeginShipoutBox 
                                                  \fi \fi 
l.629 
       <./qkd_aes/app.png>]
<repeater/fid_vs_noise.png, id=222, 462.528pt x 346.896pt>
File: repeater/fid_vs_noise.png Graphic file (type png)
<use repeater/fid_vs_noise.png>
Package pdftex.def Info: repeater/fid_vs_noise.png  used on input line 650.
(pdftex.def)             Requested size: 252.0pt x 189.00427pt.

Underfull \vbox (badness 10000) has occurred while \output is active []


Underfull \vbox (badness 10000) has occurred while \output is active []


Overfull \vbox (8.45pt too high) has occurred while \output is active []

 [11pdfTeX warning (ext4): destination with the same identifier (name{figure.5}
) has been already used, duplicate ignored

\AtBegShi@Output ...ipout \box \AtBeginShipoutBox 
                                                  \fi \fi 
l.654 
       <./repeater/entanglement_swap.png>]
<ibmq/a.png, id=229, 1602.98875pt x 793.96625pt>
File: ibmq/a.png Graphic file (type png)
<use ibmq/a.png>
Package pdftex.def Info: ibmq/a.png  used on input line 674.
(pdftex.def)             Requested size: 302.40308pt x 149.77692pt.
<ibmq/b.png, id=230, 1554.80875pt x 776.9025pt>
File: ibmq/b.png Graphic file (type png)
<use ibmq/b.png>
Package pdftex.def Info: ibmq/b.png  used on input line 686.
(pdftex.def)             Requested size: 302.40308pt x 151.09824pt.

Overfull \vbox (7.7pt too high) has occurred while \output is active []


Overfull \vbox (11.2pt too high) has occurred while \output is active []

 [12pdfTeX warning (ext4): destination with the same identifier (name{figure.6}
) has been already used, duplicate ignored

\AtBegShi@Output ...ipout \box \AtBeginShipoutBox 
                                                  \fi \fi 
l.690 	
       pdfTeX warning (ext4): destination with the same identifier (name{figure
.7}) has been already used, duplicate ignored

\AtBegShi@Output ...ipout \box \AtBeginShipoutBox 
                                                  \fi \fi 
l.690 	
        <./repeater/fid_vs_noise.png> <./ibmq/a.png>]
<ibmq/yale_circuit.png, id=241, 1126.2075pt x 847.165pt>
File: ibmq/yale_circuit.png Graphic file (type png)
<use ibmq/yale_circuit.png>
Package pdftex.def Info: ibmq/yale_circuit.png  used on input line 699.
(pdftex.def)             Requested size: 302.40308pt x 227.47078pt.
<ibmq/real_entanglement.png, id=242, 1279.78125pt x 836.12375pt>
File: ibmq/real_entanglement.png Graphic file (type png)
<use ibmq/real_entanglement.png>
Package pdftex.def Info: ibmq/real_entanglement.png  used on input line 711.
(pdftex.def)             Requested size: 302.40308pt x 197.57355pt.

Underfull \vbox (badness 10000) has occurred while \output is active []


Underfull \vbox (badness 10000) has occurred while \output is active []


Overfull \vbox (8.45pt too high) has occurred while \output is active []

 [13pdfTeX warning (ext4): destination with the same identifier (name{figure.8}
) has been already used, duplicate ignored

\AtBegShi@Output ...ipout \box \AtBeginShipoutBox 
                                                  \fi \fi 
l.715 		
        pdfTeX warning (ext4): destination with the same identifier (name{figur
e.9}) has been already used, duplicate ignored

\AtBegShi@Output ...ipout \box \AtBeginShipoutBox 
                                                  \fi \fi 
l.715 		
         <./ibmq/b.png> <./ibmq/yale_circuit.png>]
<ibmq/e.png, id=251, 1165.35374pt x 763.85374pt>
File: ibmq/e.png Graphic file (type png)
<use ibmq/e.png>
Package pdftex.def Info: ibmq/e.png  used on input line 727.
(pdftex.def)             Requested size: 302.40308pt x 198.21265pt.

Underfull \vbox (badness 4144) has occurred while \output is active []


Overfull \vbox (7.7pt too high) has occurred while \output is active []


Overfull \vbox (11.2pt too high) has occurred while \output is active []

 [14pdfTeX warning (ext4): destination with the same identifier (name{figure.10
}) has been already used, duplicate ignored

\AtBegShi@Output ...ipout \box \AtBeginShipoutBox 
                                                  \fi \fi 
l.749 		I
         nitially Figure 12,pdfTeX warning (ext4): destination with the same id
entifier (name{figure.11}) has been already used, duplicate ignored

\AtBegShi@Output ...ipout \box \AtBeginShipoutBox 
                                                  \fi \fi 
l.749 		I
         nitially Figure 12, <./ibmq/real_entanglement.png> <./ibmq/e.png>]
<ibmq/step_a.png, id=260, 583.17876pt x 685.56125pt>
File: ibmq/step_a.png Graphic file (type png)
<use ibmq/step_a.png>
Package pdftex.def Info: ibmq/step_a.png  used on input line 755.
(pdftex.def)             Requested size: 151.20154pt x 177.7396pt.
<ibmq/step_b.png, id=261, 531.9875pt x 759.83875pt>
File: ibmq/step_b.png Graphic file (type png)
<use ibmq/step_b.png>
Package pdftex.def Info: ibmq/step_b.png  used on input line 764.
(pdftex.def)             Requested size: 151.20154pt x 215.95338pt.
<ibmq/step_c.png, id=262, 1200.485pt x 718.685pt>
File: ibmq/step_c.png Graphic file (type png)
<use ibmq/step_c.png>
Package pdftex.def Info: ibmq/step_c.png  used on input line 787.
(pdftex.def)             Requested size: 252.0pt x 150.8625pt.

Underfull \vbox (badness 10000) has occurred while \output is active []


Overfull \vbox (8.45pt too high) has occurred while \output is active []

 [15pdfTeX warning (ext4): destination with the same identifier (name{figure.12
}) has been already used, duplicate ignored

\AtBegShi@Output ...ipout \box \AtBeginShipoutBox 
                                                  \fi \fi 
l.790 		\end{figure}
                    		pdfTeX warning (ext4): destination with the same identifi
er (name{figure.13}) has been already used, duplicate ignored

\AtBegShi@Output ...ipout \box \AtBeginShipoutBox 
                                                  \fi \fi 
l.790 		\end{figure}
                    		 <./ibmq/step_a.png> <./ibmq/step_b.png>]
<ibmq/correction_circ.png, id=271, 969.6225pt x 710.655pt>
File: ibmq/correction_circ.png Graphic file (type png)
<use ibmq/correction_circ.png>
Package pdftex.def Info: ibmq/correction_circ.png  used on input line 815.
(pdftex.def)             Requested size: 252.0pt x 184.69003pt.
<ibmq/result_correction.png, id=272, 1574.88374pt x 569.12625pt>
File: ibmq/result_correction.png Graphic file (type png)
<use ibmq/result_correction.png>
Package pdftex.def Info: ibmq/result_correction.png  used on input line 827.
(pdftex.def)             Requested size: 302.40308pt x 109.28142pt.

Overfull \vbox (7.7pt too high) has occurred while \output is active []


Overfull \vbox (11.2pt too high) has occurred while \output is active []

 [16pdfTeX warning (ext4): destination with the same identifier (name{figure.14
}) has been already used, duplicate ignored

\AtBegShi@Output ...ipout \box \AtBeginShipoutBox 
                                                  \fi \fi 
l.831 		
        pdfTeX warning (ext4): destination with the same identifier (name{table
.2}) has been already used, duplicate ignored

\AtBegShi@Output ...ipout \box \AtBeginShipoutBox 
                                                  \fi \fi 
l.831 		
        pdfTeX warning (ext4): destination with the same identifier (name{figur
e.15}) has been already used, duplicate ignored

\AtBegShi@Output ...ipout \box \AtBeginShipoutBox 
                                                  \fi \fi 
l.831 		
         <./ibmq/step_c.png> <./ibmq/correction_circ.png>]
<bb84/inter_demo.png, id=282, 1112.155pt x 869.2475pt>
File: bb84/inter_demo.png Graphic file (type png)
<use bb84/inter_demo.png>
Package pdftex.def Info: bb84/inter_demo.png  used on input line 854.
(pdftex.def)             Requested size: 403.20154pt x 315.14389pt.

Underfull \vbox (badness 10000) has occurred while \output is active []


Underfull \vbox (badness 10000) has occurred while \output is active []


Overfull \vbox (8.45pt too high) has occurred while \output is active []

 [17pdfTeX warning (ext4): destination with the same identifier (name{figure.16
}) has been already used, duplicate ignored

\AtBegShi@Output ...ipout \box \AtBeginShipoutBox 
                                                  \fi \fi 
l.858 		
         <./ibmq/result_correction.png>]
Underfull \vbox (badness 3942) has occurred while \output is active []


Overfull \vbox (7.7pt too high) has occurred while \output is active []


Overfull \vbox (11.2pt too high) has occurred while \output is active []

 [18pdfTeX warning (ext4): destination with the same identifier (name{figure.17
}) has been already used, duplicate ignored

\AtBegShi@Output ...ipout \box \AtBeginShipoutBox 
                                                  \fi \fi 
l.891 \textit{4. Entanglement Swapping on IBMQ}
                                                <./bb84/inter_demo.png>]
Underfull \vbox (badness 10000) has occurred while \output is active []


Overfull \vbox (8.45pt too high) has occurred while \output is active []

 [19]
(./main.bbl
Overfull \hbox (32.59438pt too wide) in paragraph at lines 82--83
[]\OT1/ptm/m/n/8 T. Szigeti, "An In-tro-duc-tion to Quan-tum Net-work Tech-nolo
-gies", [On-line]. Avail-able: https://www.ciscolive.com/c/dam/r/ciscolive/emea
/docs/2024/pdf/BRKETI-
 []

)
Overfull \vbox (7.7pt too high) has occurred while \output is active []


Overfull \vbox (11.2pt too high) has occurred while \output is active []

 [20]
** WARNING: Ignoring useless \section in Appendix (line 927).
(/usr/share/texlive/texmf-dist/tex/latex/listings/lstlang1.sty
File: lstlang1.sty 2019/09/10 1.8c listings language file
)
Package hyperref Info: bookmark level for unknown lstlisting defaults to 0 on i
nput line 930.
LaTeX Font Info:    Trying to load font information for OT1+pcr on input line 9
30.

(/usr/share/texlive/texmf-dist/tex/latex/psnfss/ot1pcr.fd
File: ot1pcr.fd 2001/06/04 font definitions for OT1/pcr.
)
LaTeX Font Info:    Font shape `OT1/pcr/m/it' in size <8> not available
(Font)              Font shape `OT1/pcr/m/sl' tried instead on input line 933.
LaTeX Font Info:    Trying to load font information for OMS+pcr on input line 9
33.

(/usr/share/texlive/texmf-dist/tex/latex/psnfss/omspcr.fd
File: omspcr.fd 
)
LaTeX Font Info:    Font shape `OMS/pcr/m/it' in size <8> not available
(Font)              Font shape `OMS/cmsy/m/n' tried instead on input line 933.
LaTeX Font Info:    Trying to load font information for OML+pcr on input line 9
33.

(/usr/share/texlive/texmf-dist/tex/latex/psnfss/omlpcr.fd
File: omlpcr.fd 
)
LaTeX Font Info:    Font shape `OML/pcr/m/it' in size <8> not available
(Font)              Font shape `OML/cmm/m/it' tried instead on input line 933.

Underfull \vbox (badness 10000) has occurred while \output is active []


Overfull \vbox (8.45pt too high) has occurred while \output is active []

 [21]
Underfull \vbox (badness 10000) has occurred while \output is active []


Overfull \vbox (7.7pt too high) has occurred while \output is active []


Overfull \vbox (11.2pt too high) has occurred while \output is active []

 [22]
LaTeX Font Info:    Font shape `OML/pcr/m/n' in size <8> not available
(Font)              Font shape `OML/cmm/m/it' tried instead on input line 1142.


Underfull \vbox (badness 10000) has occurred while \output is active []


Overfull \vbox (8.45pt too high) has occurred while \output is active []

 [23]
Overfull \vbox (7.7pt too high) has occurred while \output is active []


Overfull \vbox (11.2pt too high) has occurred while \output is active []

 [24]
Underfull \vbox (badness 10000) has occurred while \output is active []


Underfull \vbox (badness 10000) has occurred while \output is active []


Overfull \vbox (8.45pt too high) has occurred while \output is active []

 [25]
Package atveryend Info: Empty hook `BeforeClearDocument' on input line 1336.

Overfull \vbox (7.7pt too high) has occurred while \output is active []


Overfull \vbox (11.2pt too high) has occurred while \output is active []

 [26]
Package atveryend Info: Empty hook `AfterLastShipout' on input line 1336.

(./main.aux)
Package atveryend Info: Executing hook `AtVeryEndDocument' on input line 1336.
Package atveryend Info: Executing hook `AtEndAfterFileList' on input line 1336.

Package rerunfilecheck Info: File `main.out' has not changed.
(rerunfilecheck)             Checksum: CF4F8FED817549B839C29CF9EA90A39F;1379.


LaTeX Warning: There were multiply-defined labels.

Package atveryend Info: Empty hook `AtVeryVeryEnd' on input line 1336.
 ) 
Here is how much of TeX's memory you used:
 10051 strings out of 483107
 146778 string characters out of 5964630
 918439 words of memory out of 5000000
 24398 multiletter control sequences out of 15000+600000
 574487 words of font info for 98 fonts, out of 8000000 for 9000
 59 hyphenation exceptions out of 8191
 34i,10n,42p,444b,1910s stack positions out of 5000i,500n,10000p,200000b,80000s
{/usr/share/texlive/texmf-dist/fonts/enc/dvips/base/8r.enc}</usr/share/texliv
e/texmf-dist/fonts/type1/public/amsfonts/cm/cmmi12.pfb></usr/share/texlive/texm
f-dist/fonts/type1/public/amsfonts/cm/cmmi8.pfb></usr/share/texlive/texmf-dist/
fonts/type1/public/amsfonts/cm/cmr12.pfb></usr/share/texlive/texmf-dist/fonts/t
ype1/public/amsfonts/cm/cmr8.pfb></usr/share/texlive/texmf-dist/fonts/type1/pub
lic/amsfonts/cm/cmsy10.pfb></usr/share/texlive/texmf-dist/fonts/type1/public/am
sfonts/cm/cmsy8.pfb></usr/share/texlive/texmf-dist/fonts/type1/urw/courier/ucrb
8a.pfb></usr/share/texlive/texmf-dist/fonts/type1/urw/courier/ucrr8a.pfb></usr/
share/texlive/texmf-dist/fonts/type1/urw/courier/ucrro8a.pfb></usr/share/texliv
e/texmf-dist/fonts/type1/urw/helvetic/uhvb8a.pfb></usr/share/texlive/texmf-dist
/fonts/type1/urw/helvetic/uhvbo8a.pfb></usr/share/texlive/texmf-dist/fonts/type
1/urw/helvetic/uhvr8a.pfb></usr/share/texlive/texmf-dist/fonts/type1/urw/times/
utmb8a.pfb></usr/share/texlive/texmf-dist/fonts/type1/urw/times/utmr8a.pfb></us
r/share/texlive/texmf-dist/fonts/type1/urw/times/utmri8a.pfb>
Output written on main.pdf (27 pages, 2417971 bytes).
PDF statistics:
 877 PDF objects out of 1000 (max. 8388607)
 789 compressed objects within 8 object streams
 482 named destinations out of 1000 (max. 500000)
 251 words of extra memory for PDF output out of 10000 (max. 10000000)

