This is pdfTeX, Version 3.14159265-2.6-1.40.20 (TeX Live 2019/Debian) (preloaded format=pdflatex 2024.3.15)  23 JAN 2025 10:18
entering extended mode
 restricted \write18 enabled.
 %&-line parsing enabled.
**main2.tex
(./main2.tex
LaTeX2e <2020-02-02> patch level 2
L3 programming layer <2020-02-14>
(/usr/share/texlive/texmf-dist/tex/latex/base/report.cls
Document Class: report 2019/12/20 v1.4l Standard LaTeX document class
(/usr/share/texlive/texmf-dist/tex/latex/base/size12.clo
File: size12.clo 2019/12/20 v1.4l Standard LaTeX file (size option)
)
\c@part=\count167
\c@chapter=\count168
\c@section=\count169
\c@subsection=\count170
\c@subsubsection=\count171
\c@paragraph=\count172
\c@subparagraph=\count173
\c@figure=\count174
\c@table=\count175
\abovecaptionskip=\skip47
\belowcaptionskip=\skip48
\bibindent=\dimen134
)
(/usr/share/texlive/texmf-dist/tex/latex/graphics/graphicx.sty
Package: graphicx 2019/11/30 v1.2a Enhanced LaTeX Graphics (DPC,SPQR)

(/usr/share/texlive/texmf-dist/tex/latex/graphics/keyval.sty
Package: keyval 2014/10/28 v1.15 key=value parser (DPC)
\KV@toks@=\toks14
)
(/usr/share/texlive/texmf-dist/tex/latex/graphics/graphics.sty
Package: graphics 2019/11/30 v1.4a Standard LaTeX Graphics (DPC,SPQR)

(/usr/share/texlive/texmf-dist/tex/latex/graphics/trig.sty
Package: trig 2016/01/03 v1.10 sin cos tan (DPC)
)
(/usr/share/texlive/texmf-dist/tex/latex/graphics-cfg/graphics.cfg
File: graphics.cfg 2016/06/04 v1.11 sample graphics configuration
)
Package graphics Info: Driver file: pdftex.def on input line 105.

(/usr/share/texlive/texmf-dist/tex/latex/graphics-def/pdftex.def
File: pdftex.def 2018/01/08 v1.0l Graphics/color driver for pdftex
))
\Gin@req@height=\dimen135
\Gin@req@width=\dimen136
)
(/usr/share/texlive/texmf-dist/tex/latex/amsmath/amsmath.sty
Package: amsmath 2020/01/20 v2.17e AMS math features
\@mathmargin=\skip49

For additional information on amsmath, use the `?' option.
(/usr/share/texlive/texmf-dist/tex/latex/amsmath/amstext.sty
Package: amstext 2000/06/29 v2.01 AMS text

(/usr/share/texlive/texmf-dist/tex/latex/amsmath/amsgen.sty
File: amsgen.sty 1999/11/30 v2.0 generic functions
\@emptytoks=\toks15
\ex@=\dimen137
))
(/usr/share/texlive/texmf-dist/tex/latex/amsmath/amsbsy.sty
Package: amsbsy 1999/11/29 v1.2d Bold Symbols
\pmbraise@=\dimen138
)
(/usr/share/texlive/texmf-dist/tex/latex/amsmath/amsopn.sty
Package: amsopn 2016/03/08 v2.02 operator names
)
\inf@bad=\count176
LaTeX Info: Redefining \frac on input line 227.
\uproot@=\count177
\leftroot@=\count178
LaTeX Info: Redefining \overline on input line 389.
\classnum@=\count179
\DOTSCASE@=\count180
LaTeX Info: Redefining \ldots on input line 486.
LaTeX Info: Redefining \dots on input line 489.
LaTeX Info: Redefining \cdots on input line 610.
\Mathstrutbox@=\box45
\strutbox@=\box46
\big@size=\dimen139
LaTeX Font Info:    Redeclaring font encoding OML on input line 733.
LaTeX Font Info:    Redeclaring font encoding OMS on input line 734.
\macc@depth=\count181
\c@MaxMatrixCols=\count182
\dotsspace@=\muskip16
\c@parentequation=\count183
\dspbrk@lvl=\count184
\tag@help=\toks16
\row@=\count185
\column@=\count186
\maxfields@=\count187
\andhelp@=\toks17
\eqnshift@=\dimen140
\alignsep@=\dimen141
\tagshift@=\dimen142
\tagwidth@=\dimen143
\totwidth@=\dimen144
\lineht@=\dimen145
\@envbody=\toks18
\multlinegap=\skip50
\multlinetaggap=\skip51
\mathdisplay@stack=\toks19
LaTeX Info: Redefining \[ on input line 2859.
LaTeX Info: Redefining \] on input line 2860.
)
(/usr/share/texlive/texmf-dist/tex/latex/hyperref/hyperref.sty
Package: hyperref 2020/01/14 v7.00d Hypertext links for LaTeX

(/usr/share/texlive/texmf-dist/tex/generic/ltxcmds/ltxcmds.sty
Package: ltxcmds 2019/12/15 v1.24 LaTeX kernel commands for general use (HO)
)
(/usr/share/texlive/texmf-dist/tex/generic/iftex/iftex.sty
Package: iftex 2019/11/07 v1.0c TeX engine tests
)
(/usr/share/texlive/texmf-dist/tex/latex/pdftexcmds/pdftexcmds.sty
Package: pdftexcmds 2019/11/24 v0.31 Utility functions of pdfTeX for LuaTeX (HO
)

(/usr/share/texlive/texmf-dist/tex/generic/infwarerr/infwarerr.sty
Package: infwarerr 2019/12/03 v1.5 Providing info/warning/error messages (HO)
)
Package pdftexcmds Info: \pdf@primitive is available.
Package pdftexcmds Info: \pdf@ifprimitive is available.
Package pdftexcmds Info: \pdfdraftmode found.
)
(/usr/share/texlive/texmf-dist/tex/generic/kvsetkeys/kvsetkeys.sty
Package: kvsetkeys 2019/12/15 v1.18 Key value parser (HO)
)
(/usr/share/texlive/texmf-dist/tex/generic/kvdefinekeys/kvdefinekeys.sty
Package: kvdefinekeys 2019-12-19 v1.6 Define keys (HO)
)
(/usr/share/texlive/texmf-dist/tex/generic/pdfescape/pdfescape.sty
Package: pdfescape 2019/12/09 v1.15 Implements pdfTeX's escape features (HO)
)
(/usr/share/texlive/texmf-dist/tex/latex/hycolor/hycolor.sty
Package: hycolor 2020-01-27 v1.10 Color options for hyperref/bookmark (HO)
)
(/usr/share/texlive/texmf-dist/tex/latex/letltxmacro/letltxmacro.sty
Package: letltxmacro 2019/12/03 v1.6 Let assignment for LaTeX macros (HO)
)
(/usr/share/texlive/texmf-dist/tex/latex/auxhook/auxhook.sty
Package: auxhook 2019-12-17 v1.6 Hooks for auxiliary files (HO)
)
(/usr/share/texlive/texmf-dist/tex/latex/kvoptions/kvoptions.sty
Package: kvoptions 2019/11/29 v3.13 Key value format for package options (HO)
)
\@linkdim=\dimen146
\Hy@linkcounter=\count188
\Hy@pagecounter=\count189

(/usr/share/texlive/texmf-dist/tex/latex/hyperref/pd1enc.def
File: pd1enc.def 2020/01/14 v7.00d Hyperref: PDFDocEncoding definition (HO)
Now handling font encoding PD1 ...
... no UTF-8 mapping file for font encoding PD1
)
(/usr/share/texlive/texmf-dist/tex/generic/intcalc/intcalc.sty
Package: intcalc 2019/12/15 v1.3 Expandable calculations with integers (HO)
)
(/usr/share/texlive/texmf-dist/tex/generic/etexcmds/etexcmds.sty
Package: etexcmds 2019/12/15 v1.7 Avoid name clashes with e-TeX commands (HO)
)
\Hy@SavedSpaceFactor=\count190
\pdfmajorversion=\count191
Package hyperref Info: Hyper figures OFF on input line 4547.
Package hyperref Info: Link nesting OFF on input line 4552.
Package hyperref Info: Hyper index ON on input line 4555.
Package hyperref Info: Plain pages OFF on input line 4562.
Package hyperref Info: Backreferencing OFF on input line 4567.
Package hyperref Info: Implicit mode ON; LaTeX internals redefined.
Package hyperref Info: Bookmarks ON on input line 4800.
\c@Hy@tempcnt=\count192

(/usr/share/texlive/texmf-dist/tex/latex/url/url.sty
\Urlmuskip=\muskip17
Package: url 2013/09/16  ver 3.4  Verb mode for urls, etc.
)
LaTeX Info: Redefining \url on input line 5159.
\XeTeXLinkMargin=\dimen147

(/usr/share/texlive/texmf-dist/tex/generic/bitset/bitset.sty
Package: bitset 2019/12/09 v1.3 Handle bit-vector datatype (HO)

(/usr/share/texlive/texmf-dist/tex/generic/bigintcalc/bigintcalc.sty
Package: bigintcalc 2019/12/15 v1.5 Expandable calculations on big integers (HO
)
))
\Fld@menulength=\count193
\Field@Width=\dimen148
\Fld@charsize=\dimen149
Package hyperref Info: Hyper figures OFF on input line 6430.
Package hyperref Info: Link nesting OFF on input line 6435.
Package hyperref Info: Hyper index ON on input line 6438.
Package hyperref Info: backreferencing OFF on input line 6445.
Package hyperref Info: Link coloring OFF on input line 6450.
Package hyperref Info: Link coloring with OCG OFF on input line 6455.
Package hyperref Info: PDF/A mode OFF on input line 6460.
LaTeX Info: Redefining \ref on input line 6500.
LaTeX Info: Redefining \pageref on input line 6504.

(/usr/share/texlive/texmf-dist/tex/generic/atbegshi/atbegshi.sty
Package: atbegshi 2019/12/05 v1.19 At begin shipout hook (HO)
)
\Hy@abspage=\count194
\c@Item=\count195
\c@Hfootnote=\count196
)
Package hyperref Info: Driver (autodetected): hpdftex.

(/usr/share/texlive/texmf-dist/tex/latex/hyperref/hpdftex.def
File: hpdftex.def 2020/01/14 v7.00d Hyperref driver for pdfTeX

(/usr/share/texlive/texmf-dist/tex/latex/atveryend/atveryend.sty
Package: atveryend 2019-12-11 v1.11 Hooks at the very end of document (HO)
Package atveryend Info: \enddocument detected (standard20110627).
)
\Fld@listcount=\count197
\c@bookmark@seq@number=\count198

(/usr/share/texlive/texmf-dist/tex/latex/rerunfilecheck/rerunfilecheck.sty
Package: rerunfilecheck 2019/12/05 v1.9 Rerun checks for auxiliary files (HO)

(/usr/share/texlive/texmf-dist/tex/generic/uniquecounter/uniquecounter.sty
Package: uniquecounter 2019/12/15 v1.4 Provide unlimited unique counter (HO)
)
Package uniquecounter Info: New unique counter `rerunfilecheck' on input line 2
86.
)
\Hy@SectionHShift=\skip52
)
(/usr/share/texlive/texmf-dist/tex/latex/setspace/setspace.sty
Package: setspace 2011/12/19 v6.7a set line spacing
)
(/usr/share/texlive/texmf-dist/tex/latex/listings/listings.sty
\lst@mode=\count199
\lst@gtempboxa=\box47
\lst@token=\toks20
\lst@length=\count266
\lst@currlwidth=\dimen150
\lst@column=\count267
\lst@pos=\count268
\lst@lostspace=\dimen151
\lst@width=\dimen152
\lst@newlines=\count269
\lst@lineno=\count270
\lst@maxwidth=\dimen153

(/usr/share/texlive/texmf-dist/tex/latex/listings/lstmisc.sty
File: lstmisc.sty 2019/09/10 1.8c (Carsten Heinz)
\c@lstnumber=\count271
\lst@skipnumbers=\count272
\lst@framebox=\box48
)
(/usr/share/texlive/texmf-dist/tex/latex/listings/listings.cfg
File: listings.cfg 2019/09/10 1.8c listings configuration
))
Package: listings 2019/09/10 1.8c (Carsten Heinz)

(/usr/share/texlive/texmf-dist/tex/latex/xcolor/xcolor.sty
Package: xcolor 2016/05/11 v2.12 LaTeX color extensions (UK)

(/usr/share/texlive/texmf-dist/tex/latex/graphics-cfg/color.cfg
File: color.cfg 2016/01/02 v1.6 sample color configuration
)
Package xcolor Info: Driver file: pdftex.def on input line 225.
Package xcolor Info: Model `cmy' substituted by `cmy0' on input line 1348.
Package xcolor Info: Model `hsb' substituted by `rgb' on input line 1352.
Package xcolor Info: Model `RGB' extended on input line 1364.
Package xcolor Info: Model `HTML' substituted by `rgb' on input line 1366.
Package xcolor Info: Model `Hsb' substituted by `hsb' on input line 1367.
Package xcolor Info: Model `tHsb' substituted by `hsb' on input line 1368.
Package xcolor Info: Model `HSB' substituted by `hsb' on input line 1369.
Package xcolor Info: Model `Gray' substituted by `gray' on input line 1370.
Package xcolor Info: Model `wave' substituted by `hsb' on input line 1371.
)
(/usr/share/texlive/texmf-dist/tex/latex/l3backend/l3backend-pdfmode.def
File: l3backend-pdfmode.def 2020-02-03 L3 backend support: PDF mode
\l__kernel_color_stack_int=\count273
\l__pdf_internal_box=\box49
)
No file main2.aux.
\openout1 = `main2.aux'.

LaTeX Font Info:    Checking defaults for OML/cmm/m/it on input line 25.
LaTeX Font Info:    ... okay on input line 25.
LaTeX Font Info:    Checking defaults for OMS/cmsy/m/n on input line 25.
LaTeX Font Info:    ... okay on input line 25.
LaTeX Font Info:    Checking defaults for OT1/cmr/m/n on input line 25.
LaTeX Font Info:    ... okay on input line 25.
LaTeX Font Info:    Checking defaults for T1/cmr/m/n on input line 25.
LaTeX Font Info:    ... okay on input line 25.
LaTeX Font Info:    Checking defaults for TS1/cmr/m/n on input line 25.
LaTeX Font Info:    ... okay on input line 25.
LaTeX Font Info:    Checking defaults for OMX/cmex/m/n on input line 25.
LaTeX Font Info:    ... okay on input line 25.
LaTeX Font Info:    Checking defaults for U/cmr/m/n on input line 25.
LaTeX Font Info:    ... okay on input line 25.
LaTeX Font Info:    Checking defaults for PD1/pdf/m/n on input line 25.
LaTeX Font Info:    ... okay on input line 25.
(/usr/share/texlive/texmf-dist/tex/context/base/mkii/supp-pdf.mkii
[Loading MPS to PDF converter (version 2006.09.02).]
\scratchcounter=\count274
\scratchdimen=\dimen154
\scratchbox=\box50
\nofMPsegments=\count275
\nofMParguments=\count276
\everyMPshowfont=\toks21
\MPscratchCnt=\count277
\MPscratchDim=\dimen155
\MPnumerator=\count278
\makeMPintoPDFobject=\count279
\everyMPtoPDFconversion=\toks22
) (/usr/share/texlive/texmf-dist/tex/latex/epstopdf-pkg/epstopdf-base.sty
Package: epstopdf-base 2020-01-24 v2.11 Base part for package epstopdf
Package epstopdf-base Info: Redefining graphics rule for `.eps' on input line 4
85.

(/usr/share/texlive/texmf-dist/tex/latex/latexconfig/epstopdf-sys.cfg
File: epstopdf-sys.cfg 2010/07/13 v1.3 Configuration of (r)epstopdf for TeX Liv
e
))
\AtBeginShipoutBox=\box51
Package hyperref Info: Link coloring OFF on input line 25.

(/usr/share/texlive/texmf-dist/tex/latex/hyperref/nameref.sty
Package: nameref 2019/09/16 v2.46 Cross-referencing by name of section

(/usr/share/texlive/texmf-dist/tex/latex/refcount/refcount.sty
Package: refcount 2019/12/15 v3.6 Data extraction from label references (HO)
)
(/usr/share/texlive/texmf-dist/tex/generic/gettitlestring/gettitlestring.sty
Package: gettitlestring 2019/12/15 v1.6 Cleanup title references (HO)
)
\c@section@level=\count280
)
LaTeX Info: Redefining \ref on input line 25.
LaTeX Info: Redefining \pageref on input line 25.
LaTeX Info: Redefining \nameref on input line 25.
\@outlinefile=\write3
\openout3 = `main2.out'.

\c@lstlisting=\count281
<ELMEPA.png, id=4, 526.8483pt x 526.8483pt>
File: ELMEPA.png Graphic file (type png)
<use ELMEPA.png>
Package pdftex.def Info: ELMEPA.png  used on input line 32.
(pdftex.def)             Requested size: 170.71652pt x 170.71721pt.

[1

{/var/lib/texmf/fonts/map/pdftex/updmap/pdftex.map} <./ELMEPA.png>]
Overfull \hbox (0.61816pt too wide) in paragraph at lines 52--59
\OT1/cmr/m/n/12 Quantum net-work-ing rep-re-sents a trans-for-ma-tive ad-vance-
ment in se-cure com-
 []

pdfTeX warning (ext4): destination with the same identifier (name{page.1}) has 
been already used, duplicate ignored
<to be read again> 
                   \relax 
l.61 \tableofcontents
                      [1

]
\tf@toc=\write4
\openout4 = `main2.toc'.

 [2

]
Chapter 1.

LaTeX Warning: Citation `rfc' on page 3 undefined on input line 82.

[3

] [4] [5]

LaTeX Warning: Citation `powergrid' on page 6 undefined on input line 180.

[6]

LaTeX Warning: Citation `repeater1' on page 7 undefined on input line 243.

[7]

LaTeX Warning: Citation `memories' on page 8 undefined on input line 251.


LaTeX Warning: Citation `superposition-orders-proof' on page 8 undefined on inp
ut line 284.

[8]

LaTeX Warning: Citation `quantum-arch' on page 9 undefined on input line 318.


LaTeX Warning: Citation `wehner-arch' on page 9 undefined on input line 319.


LaTeX Warning: Citation `li-arch' on page 9 undefined on input line 319.


LaTeX Warning: Citation `dur-multipartite' on page 9 undefined on input line 31
9.

[9]

LaTeX Warning: Citation `e-qnet' on page 10 undefined on input line 338.


Underfull \hbox (badness 10000) in paragraph at lines 352--352
[]\OT1/cmr/m/n/12 EPR\OT1/cmr/m/it/12 Einstein,Podolsky,Rosen
 []


Overfull \hbox (75.0177pt too wide) in paragraph at lines 343--355
 [][] 
 []


LaTeX Warning: `!h' float specifier changed to `!ht'.

[10] [11]
Chapter 2.

LaTeX Warning: Citation `Khristo2020' on page 12 undefined on input line 364.


LaTeX Warning: Citation `brief-intro' on page 12 undefined on input line 370.


LaTeX Warning: Citation `quantum-arch' on page 12 undefined on input line 375.


LaTeX Warning: Citation `pompilli' on page 12 undefined on input line 382.


LaTeX Warning: Citation `e-qnet' on page 12 undefined on input line 387.

[12

]

LaTeX Warning: Citation `li-arch' on page 13 undefined on input line 392.


LaTeX Warning: Citation `rfc' on page 13 undefined on input line 398.


LaTeX Warning: Citation `net-chall-dqc' on page 13 undefined on input line 401.



LaTeX Warning: Citation `entagl-classic' on page 13 undefined on input line 406
.


LaTeX Warning: Citation `advance-arch' on page 13 undefined on input line 412.


LaTeX Warning: Citation `repeater1' on page 13 undefined on input line 425.


LaTeX Warning: Citation `memories' on page 13 undefined on input line 429.


LaTeX Warning: Citation `quantum-switch1' on page 13 undefined on input line 43
2.

[13]

LaTeX Warning: Citation `powergrid' on page 14 undefined on input line 443.


LaTeX Warning: Citation `digital-twins' on page 14 undefined on input line 446.


[14]
Chapter 3.

LaTeX Warning: Citation `qutip' on page 15 undefined on input line 457.


LaTeX Warning: Citation `qiskit' on page 15 undefined on input line 459.


LaTeX Warning: Citation `bb84' on page 15 undefined on input line 469.

[15

]
<bb84/success_rate_terminal.png, id=94, 912.40875pt x 244.915pt>
File: bb84/success_rate_terminal.png Graphic file (type png)
<use bb84/success_rate_terminal.png>
Package pdftex.def Info: bb84/success_rate_terminal.png  used on input line 488
.
(pdftex.def)             Requested size: 312.00119pt x 83.74834pt.
<bb84/basis_matching.png, id=95, 578.16pt x 433.62pt>
File: bb84/basis_matching.png Graphic file (type png)
<use bb84/basis_matching.png>
Package pdftex.def Info: bb84/basis_matching.png  used on input line 495.
(pdftex.def)             Requested size: 234.00238pt x 175.49603pt.
<bb84/success_rate_vs_num_qubits.png, id=96, 578.16pt x 433.62pt>
File: bb84/success_rate_vs_num_qubits.png Graphic file (type png)
<use bb84/success_rate_vs_num_qubits.png>
Package pdftex.def Info: bb84/success_rate_vs_num_qubits.png  used on input lin
e 503.
(pdftex.def)             Requested size: 234.00238pt x 175.49603pt.


LaTeX Warning: `!h' float specifier changed to `!ht'.

[16 <./bb84/success_rate_terminal.png> <./bb84/basis_matching.png>]
<qkd_aes/app.png, id=105, 734.745pt x 826.08624pt>
File: qkd_aes/app.png Graphic file (type png)
<use qkd_aes/app.png>
Package pdftex.def Info: qkd_aes/app.png  used on input line 529.
(pdftex.def)             Requested size: 350.99762pt x 394.63873pt.


LaTeX Warning: `!h' float specifier changed to `!ht'.


LaTeX Warning: Citation `depolarization' on page 17 undefined on input line 539
.


LaTeX Warning: Citation `depolar2' on page 17 undefined on input line 542.

[17 <./bb84/success_rate_vs_num_qubits.png>] [18 <./qkd_aes/app.png>]
<repeater/entanglement_swap.png, id=121, 963.6pt x 722.7pt>
File: repeater/entanglement_swap.png Graphic file (type png)
<use repeater/entanglement_swap.png>
Package pdftex.def Info: repeater/entanglement_swap.png  used on input line 560
.
(pdftex.def)             Requested size: 272.99881pt x 204.74757pt.


LaTeX Warning: Citation `rfc' on page 19 undefined on input line 569.

<repeater/fid_vs_noise.png, id=122, 462.528pt x 346.896pt>
File: repeater/fid_vs_noise.png Graphic file (type png)
<use repeater/fid_vs_noise.png>
Package pdftex.def Info: repeater/fid_vs_noise.png  used on input line 585.
(pdftex.def)             Requested size: 234.00238pt x 175.50133pt.

LaTeX Warning: `!h' float specifier changed to `!ht'.

[19 <./repeater/entanglement_swap.png>]
<ibmq/a.png, id=129, 1602.98875pt x 793.96625pt>
File: ibmq/a.png Graphic file (type png)
<use ibmq/a.png>
Package pdftex.def Info: ibmq/a.png  used on input line 610.
(pdftex.def)             Requested size: 234.00238pt x 115.89145pt.


LaTeX Warning: `!h' float specifier changed to `!ht'.

<ibmq/b.png, id=130, 1554.80875pt x 776.9025pt>
File: ibmq/b.png Graphic file (type png)
<use ibmq/b.png>
Package pdftex.def Info: ibmq/b.png  used on input line 622.
(pdftex.def)             Requested size: 312.00119pt x 155.89934pt.

LaTeX Warning: `!h' float specifier changed to `!ht'.


LaTeX Warning: Citation `brief-intro' on page 20 undefined on input line 629.

[20 <./repeater/fid_vs_noise.png>]
<ibmq/yale_circuit.png, id=138, 1126.2075pt x 847.165pt>
File: ibmq/yale_circuit.png Graphic file (type png)
<use ibmq/yale_circuit.png>
Package pdftex.def Info: ibmq/yale_circuit.png  used on input line 635.
(pdftex.def)             Requested size: 312.00119pt x 234.6968pt.


LaTeX Warning: `!h' float specifier changed to `!ht'.

<ibmq/real_entanglement.png, id=139, 1279.78125pt x 836.12375pt>
File: ibmq/real_entanglement.png Graphic file (type png)
<use ibmq/real_entanglement.png>
Package pdftex.def Info: ibmq/real_entanglement.png  used on input line 647.
(pdftex.def)             Requested size: 312.00119pt x 203.83783pt.

LaTeX Warning: `!h' float specifier changed to `!ht'.

<ibmq/e.png, id=140, 1165.35374pt x 763.85374pt>
File: ibmq/e.png Graphic file (type png)
<use ibmq/e.png>
Package pdftex.def Info: ibmq/e.png  used on input line 663.
(pdftex.def)             Requested size: 312.00119pt x 204.50659pt.

LaTeX Warning: `!h' float specifier changed to `!ht'.

[21 <./ibmq/a.png> <./ibmq/b.png>] [22 <./ibmq/yale_circuit.png> <./ibmq/real_e
ntanglement.png>] [23 <./ibmq/e.png>]
Chapter 4.
[24

]
Chapter 5.
Package atveryend Info: Empty hook `BeforeClearDocument' on input line 674.
[25

]
Package atveryend Info: Empty hook `AfterLastShipout' on input line 674.
 (./main2.aux)
Package atveryend Info: Executing hook `AtVeryEndDocument' on input line 674.
Package atveryend Info: Executing hook `AtEndAfterFileList' on input line 674.


Package rerunfilecheck Warning: File `main2.out' has changed.
(rerunfilecheck)                Rerun to get outlines right
(rerunfilecheck)                or use package `bookmark'.

Package rerunfilecheck Info: Checksums for `main2.out':
(rerunfilecheck)             Before: <no file>
(rerunfilecheck)             After:  553D19BAB8A5546F35A514E26314C98A;1047.

LaTeX Warning: There were undefined references.


LaTeX Warning: Label(s) may have changed. Rerun to get cross-references right.

Package atveryend Info: Empty hook `AtVeryVeryEnd' on input line 674.
 ) 
Here is how much of TeX's memory you used:
 7742 strings out of 483183
 113890 string characters out of 5966292
 378175 words of memory out of 5000000
 22581 multiletter control sequences out of 15000+600000
 539556 words of font info for 48 fonts, out of 8000000 for 9000
 14 hyphenation exceptions out of 8191
 34i,10n,37p,305b,377s stack positions out of 5000i,500n,10000p,200000b,80000s
 </home/nicko/.texlive2019/texmf-var/fonts/pk/ljfour/jknappen/ec/tcrm1200.600
pk></usr/share/texlive/texmf-dist/fonts/type1/public/amsfonts/cm/cmbx12.pfb></u
sr/share/texlive/texmf-dist/fonts/type1/public/amsfonts/cm/cmmi12.pfb></usr/sha
re/texlive/texmf-dist/fonts/type1/public/amsfonts/cm/cmr12.pfb></usr/share/texl
ive/texmf-dist/fonts/type1/public/amsfonts/cm/cmr8.pfb></usr/share/texlive/texm
f-dist/fonts/type1/public/amsfonts/cm/cmsy10.pfb></usr/share/texlive/texmf-dist
/fonts/type1/public/amsfonts/cm/cmsy8.pfb></usr/share/texlive/texmf-dist/fonts/
type1/public/amsfonts/cm/cmti12.pfb>
Output written on main2.pdf (26 pages, 1880042 bytes).
PDF statistics:
 217 PDF objects out of 1000 (max. 8388607)
 155 compressed objects within 2 object streams
 55 named destinations out of 1000 (max. 500000)
 61 words of extra memory for PDF output out of 10000 (max. 10000000)

