\BOOKMARK [1][-]{section.1}{INTRODUCTION}{}% 1
\BOOKMARK [2][-]{subsection.1.1}{ABBREVIATIONS AND ACRONYMS}{section.1}% 2
\BOOKMARK [2][-]{subsection.1.2}{OTHER RECOMMENDATIONS}{section.1}% 3
\BOOKMARK [2][-]{subsection.1.3}{EQUATIONS}{section.1}% 4
\BOOKMARK [2][-]{subsection.1.4}{Algorithms}{section.1}% 5
\BOOKMARK [2][-]{subsection.1.5}{LaTeX-SPECIFIC ADVICE}{section.1}% 6
\BOOKMARK [1][-]{section.2}{UNITS}{}% 7
\BOOKMARK [1][-]{section.3}{SOME COMMON MISTAKES}{}% 8
\BOOKMARK [1][-]{section.4}{GUIDELINES FOR GRAPHICS PREPARATION AND SUBMISSION}{}% 9
\BOOKMARK [2][-]{subsection.4.1}{TYPES OF GRAPHICS}{section.4}% 10
\BOOKMARK [3][-]{subsubsection.4.1.1}{Color/Grayscale Figures}{subsection.4.1}% 11
\BOOKMARK [3][-]{subsubsection.4.1.2}{Line Art Figures}{subsection.4.1}% 12
\BOOKMARK [3][-]{subsubsection.4.1.3}{Author Photos}{subsection.4.1}% 13
\BOOKMARK [3][-]{subsubsection.4.1.4}{Tables}{subsection.4.1}% 14
\BOOKMARK [2][-]{subsection.4.2}{MULTIPART FIGURES}{section.4}% 15
\BOOKMARK [2][-]{subsection.4.3}{FILE FORMATS FOR GRAPHICS}{section.4}% 16
\BOOKMARK [2][-]{subsection.4.4}{SIZING OF GRAPHICS}{section.4}% 17
\BOOKMARK [2][-]{subsection.4.5}{RESOLUTION}{section.4}% 18
\BOOKMARK [2][-]{subsection.4.6}{VECTOR ART}{section.4}% 19
\BOOKMARK [2][-]{subsection.4.7}{COLOR SPACE}{section.4}% 20
\BOOKMARK [2][-]{subsection.4.8}{ACCEPTED FONTS WITHIN FIGURES}{section.4}% 21
\BOOKMARK [2][-]{subsection.4.9}{USING LABELS WITHIN FIGURES}{section.4}% 22
\BOOKMARK [3][-]{subsubsection.4.9.1}{Figure Axis Labels}{subsection.4.9}% 23
\BOOKMARK [3][-]{subsubsection.4.9.2}{Subfigure Labels in Multipart Figures and Tables}{subsection.4.9}% 24
\BOOKMARK [2][-]{subsection.4.10}{FILE NAMING}{section.4}% 25
\BOOKMARK [2][-]{subsection.4.11}{REFERENCING A FIGURE OR TABLE WITHIN YOUR PAPER}{section.4}% 26
\BOOKMARK [2][-]{subsection.4.12}{SUBMITTING YOUR GRAPHICS}{section.4}% 27
\BOOKMARK [2][-]{subsection.4.13}{COLOR PROCESSING / PRINTING IN IEEE JOURNALS}{section.4}% 28
\BOOKMARK [1][-]{section.5}{CONCLUSION}{}% 29
\BOOKMARK [2][-]{subsection.5.1}{REFERENCES}{section.5}% 30
\BOOKMARK [2][-]{subsection.5.2}{FOOTNOTES}{section.5}% 31
\BOOKMARK [1][-]{section.6}{SUBMITTING YOUR PAPER FOR REVIEW}{}% 32
\BOOKMARK [2][-]{subsection.6.1}{REVIEW STAGE USING SCHOLARONE MANUSCRIPTS}{section.6}% 33
\BOOKMARK [2][-]{subsection.6.2}{FINAL STAGE USING SCHOLARONE MANUSCRIPTS}{section.6}% 34
\BOOKMARK [2][-]{subsection.6.3}{COPYRIGHT FORM}{section.6}% 35
\BOOKMARK [1][-]{section.7}{IEEE GUIDELINES AND POLICIES}{}% 36
\BOOKMARK [1][-]{section.7}{*-2.5em}{}% 37
\BOOKMARK [1][-]{section.7}{*-2.5em}{}% 38
\BOOKMARK [1][-]{section.7}{*-2.5em}{}% 39
\BOOKMARK [1][-]{section.7}{*-2.5em}{}% 40
\BOOKMARK [1][-]{section.7}{*-2.5em}{}% 41
\BOOKMARK [1][-]{section.7}{*-2.5em}{}% 42
\BOOKMARK [1][-]{section.7}{*-2.5em}{}% 43
\BOOKMARK [1][-]{section.7}{*-2.5em}{}% 44
\BOOKMARK [1][-]{section.7}{*-2.5em}{}% 45
\BOOKMARK [1][-]{section.7}{*-2.5em}{}% 46
\BOOKMARK [1][-]{section.7}{*-2.5em}{}% 47
\BOOKMARK [1][-]{section.7}{*-2.5em}{}% 48
\BOOKMARK [1][-]{section.7}{*-2.5em}{}% 49
\BOOKMARK [1][-]{section.7}{*-2.5em}{}% 50
\BOOKMARK [1][-]{section.7}{*-2.5em}{}% 51
\BOOKMARK [1][-]{section.7}{*-2.5em}{}% 52
\BOOKMARK [1][-]{section.7}{*-2.5em}{}% 53
\BOOKMARK [1][-]{section.7}{*-2.5em}{}% 54
\BOOKMARK [1][-]{section.7}{*-2.5em}{}% 55
\BOOKMARK [1][-]{section.7}{*-2.5em}{}% 56
\BOOKMARK [1][-]{IEEEbiography.0}{Biographies}{}% 57
\BOOKMARK [2][-]{IEEEbiography.1}{FIRST A. AUTHOR}{IEEEbiography.0}% 58
\BOOKMARK [2][-]{IEEEbiography.2}{SECOND B. AUTHOR,}{IEEEbiography.0}% 59
\BOOKMARK [2][-]{IEEEbiography.3}{THIRD C. AUTHOR JR.}{IEEEbiography.0}% 60
